0 info it worked if it ends with ok
1 verbose cli [ '/usr/local/bin/node', '/usr/local/bin/npm', 'run', 'serve' ]
2 info using npm@3.8.8
3 info using node@v5.3.0
4 verbose run-script [ 'preserve', 'serve', 'postserve' ]
5 info lifecycle restaurant-review@1.0.0~preserve: restaurant-review@1.0.0
6 silly lifecycle restaurant-review@1.0.0~preserve: no script for preserve, continuing
7 info lifecycle restaurant-review@1.0.0~serve: restaurant-review@1.0.0
8 verbose lifecycle restaurant-review@1.0.0~serve: unsafe-perm in lifecycle true
9 verbose lifecycle restaurant-review@1.0.0~serve: PATH: /usr/local/lib/node_modules/npm/bin/node-gyp-bin:/Users/Richard/Developer/Projects/Udacity/restaurant-review/node_modules/.bin:/usr/local/bin:/Users/Richard/.zplug/bin:/Users/Richard/google-cloud-sdk/bin:/usr/local/bin:/usr/bin:/bin:/usr/sbin:/sbin:/usr/local/git/bin:/Users/Richard/Library/Android/sdk/platform-tools
10 verbose lifecycle restaurant-review@1.0.0~serve: CWD: /Users/Richard/Developer/Projects/Udacity/restaurant-review
11 silly lifecycle restaurant-review@1.0.0~serve: Args: [ '-c', 'node --harmony_destructuring ./server.js -p 1337' ]
12 silly lifecycle restaurant-review@1.0.0~serve: Returned: code: 1  signal: null
13 info lifecycle restaurant-review@1.0.0~serve: Failed to exec serve script
14 verbose stack Error: restaurant-review@1.0.0 serve: `node --harmony_destructuring ./server.js -p 1337`
14 verbose stack Exit status 1
14 verbose stack     at EventEmitter.<anonymous> (/usr/local/lib/node_modules/npm/lib/utils/lifecycle.js:244:16)
14 verbose stack     at emitTwo (events.js:87:13)
14 verbose stack     at EventEmitter.emit (events.js:172:7)
14 verbose stack     at ChildProcess.<anonymous> (/usr/local/lib/node_modules/npm/lib/utils/spawn.js:24:14)
14 verbose stack     at emitTwo (events.js:87:13)
14 verbose stack     at ChildProcess.emit (events.js:172:7)
14 verbose stack     at maybeClose (internal/child_process.js:818:16)
14 verbose stack     at Process.ChildProcess._handle.onexit (internal/child_process.js:211:5)
15 verbose pkgid restaurant-review@1.0.0
16 verbose cwd /Users/Richard/Developer/Projects/Udacity/restaurant-review
17 error Darwin 15.2.0
18 error argv "/usr/local/bin/node" "/usr/local/bin/npm" "run" "serve"
19 error node v5.3.0
20 error npm  v3.8.8
21 error code ELIFECYCLE
22 error restaurant-review@1.0.0 serve: `node --harmony_destructuring ./server.js -p 1337`
22 error Exit status 1
23 error Failed at the restaurant-review@1.0.0 serve script 'node --harmony_destructuring ./server.js -p 1337'.
23 error Make sure you have the latest version of node.js and npm installed.
23 error If you do, this is most likely a problem with the restaurant-review package,
23 error not with npm itself.
23 error Tell the author that this fails on your system:
23 error     node --harmony_destructuring ./server.js -p 1337
23 error You can get information on how to open an issue for this project with:
23 error     npm bugs restaurant-review
23 error Or if that isn't available, you can get their info via:
23 error     npm owner ls restaurant-review
23 error There is likely additional logging output above.
24 verbose exit [ 1, true ]
